<?xml version="1.0" encoding="UTF-8"?>
<testng-results skipped="8" failed="0" total="8" passed="0">
  <reporter-output>
  </reporter-output>
  <suite name="Suite" duration-ms="152" started-at="2017-04-10T18:41:08Z" finished-at="2017-04-10T18:41:08Z">
    <groups>
    </groups>
    <test name="Test" duration-ms="152" started-at="2017-04-10T18:41:08Z" finished-at="2017-04-10T18:41:08Z">
      <class name="com.hotels.rajib_maven4617.rajibTest8">
        <test-method status="SKIP" signature="inirtializeDriver()[pri:0, instance:com.hotels.rajib_maven4617.rajibTest8@90f6bfd]" name="inirtializeDriver" is-config="true" duration-ms="0" started-at="2017-04-10T14:41:08Z" finished-at="2017-04-10T14:41:08Z">
          <reporter-output>
          </reporter-output>
        </test-method> <!-- inirtializeDriver -->
        <test-method status="SKIP" signature="check()[pri:0, instance:com.hotels.rajib_maven4617.rajibTest8@90f6bfd]" name="check" duration-ms="0" started-at="2017-04-10T14:41:08Z" finished-at="2017-04-10T14:41:08Z">
          <reporter-output>
          </reporter-output>
        </test-method> <!-- check -->
        <test-method status="SKIP" signature="tearDown()[pri:0, instance:com.hotels.rajib_maven4617.rajibTest8@90f6bfd]" name="tearDown" is-config="true" duration-ms="0" started-at="2017-04-10T14:41:08Z" finished-at="2017-04-10T14:41:08Z">
          <reporter-output>
          </reporter-output>
        </test-method> <!-- tearDown -->
      </class> <!-- com.hotels.rajib_maven4617.rajibTest8 -->
      <class name="com.hotels.rajib_maven4617.rajibTest7">
        <test-method status="SKIP" signature="inirtializeDriver()[pri:0, instance:com.hotels.rajib_maven4617.rajibTest7@4157f54e]" name="inirtializeDriver" is-config="true" duration-ms="0" started-at="2017-04-10T14:41:08Z" finished-at="2017-04-10T14:41:08Z">
          <reporter-output>
          </reporter-output>
        </test-method> <!-- inirtializeDriver -->
        <test-method status="SKIP" signature="tearDown()[pri:0, instance:com.hotels.rajib_maven4617.rajibTest7@4157f54e]" name="tearDown" is-config="true" duration-ms="0" started-at="2017-04-10T14:41:08Z" finished-at="2017-04-10T14:41:08Z">
          <reporter-output>
          </reporter-output>
        </test-method> <!-- tearDown -->
        <test-method status="SKIP" signature="googleAccount()[pri:0, instance:com.hotels.rajib_maven4617.rajibTest7@4157f54e]" name="googleAccount" duration-ms="0" started-at="2017-04-10T14:41:08Z" finished-at="2017-04-10T14:41:08Z">
          <reporter-output>
          </reporter-output>
        </test-method> <!-- googleAccount -->
      </class> <!-- com.hotels.rajib_maven4617.rajibTest7 -->
      <class name="com.hotels.rajib_maven4617.rajibTest6">
        <test-method status="SKIP" signature="inirtializeDriver()[pri:0, instance:com.hotels.rajib_maven4617.rajibTest6@327471b5]" name="inirtializeDriver" is-config="true" duration-ms="0" started-at="2017-04-10T14:41:08Z" finished-at="2017-04-10T14:41:08Z">
          <reporter-output>
          </reporter-output>
        </test-method> <!-- inirtializeDriver -->
        <test-method status="SKIP" signature="tearDown()[pri:0, instance:com.hotels.rajib_maven4617.rajibTest6@327471b5]" name="tearDown" is-config="true" duration-ms="0" started-at="2017-04-10T14:41:08Z" finished-at="2017-04-10T14:41:08Z">
          <reporter-output>
          </reporter-output>
        </test-method> <!-- tearDown -->
        <test-method status="SKIP" signature="userAccount()[pri:0, instance:com.hotels.rajib_maven4617.rajibTest6@327471b5]" name="userAccount" duration-ms="0" started-at="2017-04-10T14:41:08Z" finished-at="2017-04-10T14:41:08Z">
          <reporter-output>
          </reporter-output>
        </test-method> <!-- userAccount -->
      </class> <!-- com.hotels.rajib_maven4617.rajibTest6 -->
      <class name="com.hotels.rajib_maven4617.rajibTest1">
        <test-method status="FAIL" signature="inirtializeDriver()[pri:0, instance:com.hotels.rajib_maven4617.rajibTest1@77b52d12]" name="inirtializeDriver" is-config="true" duration-ms="0" started-at="2017-04-10T14:41:08Z" finished-at="2017-04-10T14:41:08Z">
          <exception class="java.lang.NoClassDefFoundError">
            <message>
              <![CDATA[org/apache/http/conn/SchemePortResolver]]>
            </message>
            <full-stacktrace>
              <![CDATA[java.lang.NoClassDefFoundError: org/apache/http/conn/SchemePortResolver
	at org.openqa.selenium.remote.internal.ApacheHttpClient$Factory.getDefaultHttpClientFactory(ApacheHttpClient.java:250)
	at org.openqa.selenium.remote.internal.ApacheHttpClient$Factory.<init>(ApacheHttpClient.java:227)
	at org.openqa.selenium.remote.HttpCommandExecutor.getDefaultClientFactory(HttpCommandExecutor.java:92)
	at org.openqa.selenium.remote.HttpCommandExecutor.<init>(HttpCommandExecutor.java:71)
	at org.openqa.selenium.remote.service.DriverCommandExecutor.<init>(DriverCommandExecutor.java:62)
	at org.openqa.selenium.chrome.ChromeDriverCommandExecutor.<init>(ChromeDriverCommandExecutor.java:40)
	at org.openqa.selenium.chrome.ChromeDriver.<init>(ChromeDriver.java:174)
	at org.openqa.selenium.chrome.ChromeDriver.<init>(ChromeDriver.java:163)
	at org.openqa.selenium.chrome.ChromeDriver.<init>(ChromeDriver.java:120)
	at com.hotels.rajib_maven4617.WebDriverFactory17.inirtializeDriver(WebDriverFactory17.java:24)
	at sun.reflect.NativeMethodAccessorImpl.invoke0(Native Method)
	at sun.reflect.NativeMethodAccessorImpl.invoke(Unknown Source)
	at sun.reflect.DelegatingMethodAccessorImpl.invoke(Unknown Source)
	at java.lang.reflect.Method.invoke(Unknown Source)
	at org.testng.internal.MethodInvocationHelper.invokeMethod(MethodInvocationHelper.java:86)
	at org.testng.internal.Invoker.invokeConfigurationMethod(Invoker.java:514)
	at org.testng.internal.Invoker.invokeConfigurations(Invoker.java:215)
	at org.testng.internal.Invoker.invokeConfigurations(Invoker.java:142)
	at org.testng.internal.TestMethodWorker.invokeBeforeClassMethods(TestMethodWorker.java:178)
	at org.testng.internal.TestMethodWorker.run(TestMethodWorker.java:108)
	at org.testng.TestRunner.privateRun(TestRunner.java:782)
	at org.testng.TestRunner.run(TestRunner.java:632)
	at org.testng.SuiteRunner.runTest(SuiteRunner.java:366)
	at org.testng.SuiteRunner.runSequentially(SuiteRunner.java:361)
	at org.testng.SuiteRunner.privateRun(SuiteRunner.java:319)
	at org.testng.SuiteRunner.run(SuiteRunner.java:268)
	at org.testng.SuiteRunnerWorker.runSuite(SuiteRunnerWorker.java:52)
	at org.testng.SuiteRunnerWorker.run(SuiteRunnerWorker.java:86)
	at org.testng.TestNG.runSuitesSequentially(TestNG.java:1244)
	at org.testng.TestNG.runSuitesLocally(TestNG.java:1169)
	at org.testng.TestNG.run(TestNG.java:1064)
	at org.apache.maven.surefire.testng.TestNGExecutor.run(TestNGExecutor.java:295)
	at org.apache.maven.surefire.testng.TestNGXmlTestSuite.execute(TestNGXmlTestSuite.java:84)
	at org.apache.maven.surefire.testng.TestNGProvider.invoke(TestNGProvider.java:90)
	at org.apache.maven.surefire.booter.ForkedBooter.invokeProviderInSameClassLoader(ForkedBooter.java:203)
	at org.apache.maven.surefire.booter.ForkedBooter.runSuitesInProcess(ForkedBooter.java:155)
	at org.apache.maven.surefire.booter.ForkedBooter.main(ForkedBooter.java:103)
Caused by: java.lang.ClassNotFoundException: org.apache.http.conn.SchemePortResolver
	at java.net.URLClassLoader.findClass(Unknown Source)
	at java.lang.ClassLoader.loadClass(Unknown Source)
	at sun.misc.Launcher$AppClassLoader.loadClass(Unknown Source)
	at java.lang.ClassLoader.loadClass(Unknown Source)
	... 37 more
]]>
            </full-stacktrace>
          </exception> <!-- java.lang.NoClassDefFoundError -->
          <reporter-output>
          </reporter-output>
        </test-method> <!-- inirtializeDriver -->
        <test-method status="SKIP" signature="testOnSignupPage()[pri:0, instance:com.hotels.rajib_maven4617.rajibTest1@77b52d12]" name="testOnSignupPage" duration-ms="0" started-at="2017-04-10T14:41:08Z" finished-at="2017-04-10T14:41:08Z">
          <reporter-output>
          </reporter-output>
        </test-method> <!-- testOnSignupPage -->
        <test-method status="SKIP" signature="tearDown()[pri:0, instance:com.hotels.rajib_maven4617.rajibTest1@77b52d12]" name="tearDown" is-config="true" duration-ms="0" started-at="2017-04-10T14:41:08Z" finished-at="2017-04-10T14:41:08Z">
          <reporter-output>
          </reporter-output>
        </test-method> <!-- tearDown -->
      </class> <!-- com.hotels.rajib_maven4617.rajibTest1 -->
      <class name="com.hotels.rajib_maven4617.rajibTest5">
        <test-method status="SKIP" signature="inirtializeDriver()[pri:0, instance:com.hotels.rajib_maven4617.rajibTest5@3567135c]" name="inirtializeDriver" is-config="true" duration-ms="0" started-at="2017-04-10T14:41:08Z" finished-at="2017-04-10T14:41:08Z">
          <reporter-output>
          </reporter-output>
        </test-method> <!-- inirtializeDriver -->
        <test-method status="SKIP" signature="completeSearch()[pri:0, instance:com.hotels.rajib_maven4617.rajibTest5@3567135c]" name="completeSearch" duration-ms="0" started-at="2017-04-10T14:41:08Z" finished-at="2017-04-10T14:41:08Z">
          <reporter-output>
          </reporter-output>
        </test-method> <!-- completeSearch -->
        <test-method status="SKIP" signature="tearDown()[pri:0, instance:com.hotels.rajib_maven4617.rajibTest5@3567135c]" name="tearDown" is-config="true" duration-ms="0" started-at="2017-04-10T14:41:08Z" finished-at="2017-04-10T14:41:08Z">
          <reporter-output>
          </reporter-output>
        </test-method> <!-- tearDown -->
      </class> <!-- com.hotels.rajib_maven4617.rajibTest5 -->
      <class name="com.hotels.rajib_maven4617.rajibTest4">
        <test-method status="SKIP" signature="inirtializeDriver()[pri:0, instance:com.hotels.rajib_maven4617.rajibTest4@6be46e8f]" name="inirtializeDriver" is-config="true" duration-ms="0" started-at="2017-04-10T14:41:08Z" finished-at="2017-04-10T14:41:08Z">
          <reporter-output>
          </reporter-output>
        </test-method> <!-- inirtializeDriver -->
        <test-method status="SKIP" signature="dateCheck()[pri:0, instance:com.hotels.rajib_maven4617.rajibTest4@6be46e8f]" name="dateCheck" duration-ms="0" started-at="2017-04-10T14:41:08Z" finished-at="2017-04-10T14:41:08Z">
          <reporter-output>
          </reporter-output>
        </test-method> <!-- dateCheck -->
        <test-method status="SKIP" signature="tearDown()[pri:0, instance:com.hotels.rajib_maven4617.rajibTest4@6be46e8f]" name="tearDown" is-config="true" duration-ms="0" started-at="2017-04-10T14:41:08Z" finished-at="2017-04-10T14:41:08Z">
          <reporter-output>
          </reporter-output>
        </test-method> <!-- tearDown -->
      </class> <!-- com.hotels.rajib_maven4617.rajibTest4 -->
      <class name="com.hotels.rajib_maven4617.rajibTest3">
        <test-method status="SKIP" signature="inirtializeDriver()[pri:0, instance:com.hotels.rajib_maven4617.rajibTest3@68837a77]" name="inirtializeDriver" is-config="true" duration-ms="0" started-at="2017-04-10T14:41:08Z" finished-at="2017-04-10T14:41:08Z">
          <reporter-output>
          </reporter-output>
        </test-method> <!-- inirtializeDriver -->
        <test-method status="SKIP" signature="checkWithFacebookID()[pri:0, instance:com.hotels.rajib_maven4617.rajibTest3@68837a77]" name="checkWithFacebookID" duration-ms="0" started-at="2017-04-10T14:41:08Z" finished-at="2017-04-10T14:41:08Z">
          <reporter-output>
          </reporter-output>
        </test-method> <!-- checkWithFacebookID -->
        <test-method status="SKIP" signature="tearDown()[pri:0, instance:com.hotels.rajib_maven4617.rajibTest3@68837a77]" name="tearDown" is-config="true" duration-ms="0" started-at="2017-04-10T14:41:08Z" finished-at="2017-04-10T14:41:08Z">
          <reporter-output>
          </reporter-output>
        </test-method> <!-- tearDown -->
      </class> <!-- com.hotels.rajib_maven4617.rajibTest3 -->
      <class name="com.hotels.rajib_maven4617.rajibTest2">
        <test-method status="SKIP" signature="inirtializeDriver()[pri:0, instance:com.hotels.rajib_maven4617.rajibTest2@2d554825]" name="inirtializeDriver" is-config="true" duration-ms="0" started-at="2017-04-10T14:41:08Z" finished-at="2017-04-10T14:41:08Z">
          <reporter-output>
          </reporter-output>
        </test-method> <!-- inirtializeDriver -->
        <test-method status="SKIP" signature="hotelSearch()[pri:0, instance:com.hotels.rajib_maven4617.rajibTest2@2d554825]" name="hotelSearch" duration-ms="0" started-at="2017-04-10T14:41:08Z" finished-at="2017-04-10T14:41:08Z">
          <reporter-output>
          </reporter-output>
        </test-method> <!-- hotelSearch -->
        <test-method status="SKIP" signature="tearDown()[pri:0, instance:com.hotels.rajib_maven4617.rajibTest2@2d554825]" name="tearDown" is-config="true" duration-ms="0" started-at="2017-04-10T14:41:08Z" finished-at="2017-04-10T14:41:08Z">
          <reporter-output>
          </reporter-output>
        </test-method> <!-- tearDown -->
      </class> <!-- com.hotels.rajib_maven4617.rajibTest2 -->
    </test> <!-- Test -->
  </suite> <!-- Suite -->
</testng-results>
