<?xml version="1.0" encoding="UTF-8"?>
<testsuite name="TestSuite" time="0.54" tests="24" errors="0" skipped="23" failures="1">
  <properties>
[...]
</properties>
  <testcase name="inirtializeDriver" classname="com.hotels.rajib_maven4617.rajibTest1" time="0.54">
    <failure message="org/apache/http/conn/SchemePortResolver" type="java.lang.NoClassDefFoundError"><![CDATA[java.lang.NoClassDefFoundError: org/apache/http/conn/SchemePortResolver
	at org.openqa.selenium.remote.internal.ApacheHttpClient$Factory.getDefaultHttpClientFactory(ApacheHttpClient.java:250)
	at org.openqa.selenium.remote.internal.ApacheHttpClient$Factory.<init>(ApacheHttpClient.java:227)
	at org.openqa.selenium.remote.HttpCommandExecutor.getDefaultClientFactory(HttpCommandExecutor.java:92)
	at org.openqa.selenium.remote.HttpCommandExecutor.<init>(HttpCommandExecutor.java:71)
	at org.openqa.selenium.remote.service.DriverCommandExecutor.<init>(DriverCommandExecutor.java:62)
	at org.openqa.selenium.chrome.ChromeDriverCommandExecutor.<init>(ChromeDriverCommandExecutor.java:40)
	at org.openqa.selenium.chrome.ChromeDriver.<init>(ChromeDriver.java:174)
	at org.openqa.selenium.chrome.ChromeDriver.<init>(ChromeDriver.java:163)
	at org.openqa.selenium.chrome.ChromeDriver.<init>(ChromeDriver.java:120)
	at com.hotels.rajib_maven4617.WebDriverFactory17.inirtializeDriver(WebDriverFactory17.java:24)
	at sun.reflect.NativeMethodAccessorImpl.invoke0(Native Method)
	at sun.reflect.NativeMethodAccessorImpl.invoke(Unknown Source)
	at sun.reflect.DelegatingMethodAccessorImpl.invoke(Unknown Source)
	at java.lang.reflect.Method.invoke(Unknown Source)
	at org.testng.internal.MethodInvocationHelper.invokeMethod(MethodInvocationHelper.java:86)
	at org.testng.internal.Invoker.invokeConfigurationMethod(Invoker.java:514)
	at org.testng.internal.Invoker.invokeConfigurations(Invoker.java:215)
	at org.testng.internal.Invoker.invokeConfigurations(Invoker.java:142)
	at org.testng.internal.TestMethodWorker.invokeBeforeClassMethods(TestMethodWorker.java:178)
	at org.testng.internal.TestMethodWorker.run(TestMethodWorker.java:108)
	at org.testng.TestRunner.privateRun(TestRunner.java:782)
	at org.testng.TestRunner.run(TestRunner.java:632)
	at org.testng.SuiteRunner.runTest(SuiteRunner.java:366)
	at org.testng.SuiteRunner.runSequentially(SuiteRunner.java:361)
	at org.testng.SuiteRunner.privateRun(SuiteRunner.java:319)
	at org.testng.SuiteRunner.run(SuiteRunner.java:268)
	at org.testng.SuiteRunnerWorker.runSuite(SuiteRunnerWorker.java:52)
	at org.testng.SuiteRunnerWorker.run(SuiteRunnerWorker.java:86)
	at org.testng.TestNG.runSuitesSequentially(TestNG.java:1244)
	at org.testng.TestNG.runSuitesLocally(TestNG.java:1169)
	at org.testng.TestNG.run(TestNG.java:1064)
	at org.apache.maven.surefire.testng.TestNGExecutor.run(TestNGExecutor.java:295)
	at org.apache.maven.surefire.testng.TestNGXmlTestSuite.execute(TestNGXmlTestSuite.java:84)
	at org.apache.maven.surefire.testng.TestNGProvider.invoke(TestNGProvider.java:90)
	at org.apache.maven.surefire.booter.ForkedBooter.invokeProviderInSameClassLoader(ForkedBooter.java:203)
	at org.apache.maven.surefire.booter.ForkedBooter.runSuitesInProcess(ForkedBooter.java:155)
	at org.apache.maven.surefire.booter.ForkedBooter.main(ForkedBooter.java:103)
Caused by: java.lang.ClassNotFoundException: org.apache.http.conn.SchemePortResolver
	at java.net.URLClassLoader.findClass(Unknown Source)
	at java.lang.ClassLoader.loadClass(Unknown Source)
	at sun.misc.Launcher$AppClassLoader.loadClass(Unknown Source)
	at java.lang.ClassLoader.loadClass(Unknown Source)
	at org.openqa.selenium.remote.internal.ApacheHttpClient$Factory.getDefaultHttpClientFactory(ApacheHttpClient.java:250)
	at org.openqa.selenium.remote.internal.ApacheHttpClient$Factory.<init>(ApacheHttpClient.java:227)
	at org.openqa.selenium.remote.HttpCommandExecutor.getDefaultClientFactory(HttpCommandExecutor.java:92)
	at org.openqa.selenium.remote.HttpCommandExecutor.<init>(HttpCommandExecutor.java:71)
	at org.openqa.selenium.remote.service.DriverCommandExecutor.<init>(DriverCommandExecutor.java:62)
	at org.openqa.selenium.chrome.ChromeDriverCommandExecutor.<init>(ChromeDriverCommandExecutor.java:40)
	at org.openqa.selenium.chrome.ChromeDriver.<init>(ChromeDriver.java:174)
	at org.openqa.selenium.chrome.ChromeDriver.<init>(ChromeDriver.java:163)
	at org.openqa.selenium.chrome.ChromeDriver.<init>(ChromeDriver.java:120)
	at com.hotels.rajib_maven4617.WebDriverFactory17.inirtializeDriver(WebDriverFactory17.java:24)
	at sun.reflect.NativeMethodAccessorImpl.invoke0(Native Method)
	at sun.reflect.NativeMethodAccessorImpl.invoke(Unknown Source)
	at sun.reflect.DelegatingMethodAccessorImpl.invoke(Unknown Source)
	at java.lang.reflect.Method.invoke(Unknown Source)
	at org.testng.internal.MethodInvocationHelper.invokeMethod(MethodInvocationHelper.java:86)
	at org.testng.internal.Invoker.invokeConfigurationMethod(Invoker.java:514)
	at org.testng.internal.Invoker.invokeConfigurations(Invoker.java:215)
	at org.testng.internal.Invoker.invokeConfigurations(Invoker.java:142)
	at org.testng.internal.TestMethodWorker.invokeBeforeClassMethods(TestMethodWorker.java:178)
	at org.testng.internal.TestMethodWorker.run(TestMethodWorker.java:108)
	at org.testng.TestRunner.privateRun(TestRunner.java:782)
	at org.testng.TestRunner.run(TestRunner.java:632)
	at org.testng.SuiteRunner.runTest(SuiteRunner.java:366)
	at org.testng.SuiteRunner.runSequentially(SuiteRunner.java:361)
	at org.testng.SuiteRunner.privateRun(SuiteRunner.java:319)
	at org.testng.SuiteRunner.run(SuiteRunner.java:268)
	at org.testng.SuiteRunnerWorker.runSuite(SuiteRunnerWorker.java:52)
	at org.testng.SuiteRunnerWorker.run(SuiteRunnerWorker.java:86)
	at org.testng.TestNG.runSuitesSequentially(TestNG.java:1244)
	at org.testng.TestNG.runSuitesLocally(TestNG.java:1169)
	at org.testng.TestNG.run(TestNG.java:1064)
	at org.apache.maven.surefire.testng.TestNGExecutor.run(TestNGExecutor.java:295)
	at org.apache.maven.surefire.testng.TestNGXmlTestSuite.execute(TestNGXmlTestSuite.java:84)
	at org.apache.maven.surefire.testng.TestNGProvider.invoke(TestNGProvider.java:90)
	at org.apache.maven.surefire.booter.ForkedBooter.invokeProviderInSameClassLoader(ForkedBooter.java:203)
	at org.apache.maven.surefire.booter.ForkedBooter.runSuitesInProcess(ForkedBooter.java:155)
	at org.apache.maven.surefire.booter.ForkedBooter.main(ForkedBooter.java:103)
]]></failure>
  </testcase>
  <testcase name="testOnSignupPage" classname="com.hotels.rajib_maven4617.rajibTest1" time="0">
    <skipped/>
  </testcase>
  <testcase name="tearDown" classname="com.hotels.rajib_maven4617.rajibTest1" time="0">
    <skipped/>
  </testcase>
  <testcase name="inirtializeDriver" classname="com.hotels.rajib_maven4617.rajibTest2" time="0">
    <skipped/>
  </testcase>
  <testcase name="hotelSearch" classname="com.hotels.rajib_maven4617.rajibTest2" time="0">
    <skipped/>
  </testcase>
  <testcase name="tearDown" classname="com.hotels.rajib_maven4617.rajibTest2" time="0">
    <skipped/>
  </testcase>
  <testcase name="inirtializeDriver" classname="com.hotels.rajib_maven4617.rajibTest3" time="0">
    <skipped/>
  </testcase>
  <testcase name="checkWithFacebookID" classname="com.hotels.rajib_maven4617.rajibTest3" time="0">
    <skipped/>
  </testcase>
  <testcase name="tearDown" classname="com.hotels.rajib_maven4617.rajibTest3" time="0">
    <skipped/>
  </testcase>
  <testcase name="inirtializeDriver" classname="com.hotels.rajib_maven4617.rajibTest4" time="0">
    <skipped/>
  </testcase>
  <testcase name="dateCheck" classname="com.hotels.rajib_maven4617.rajibTest4" time="0">
    <skipped/>
  </testcase>
  <testcase name="tearDown" classname="com.hotels.rajib_maven4617.rajibTest4" time="0">
    <skipped/>
  </testcase>
  <testcase name="inirtializeDriver" classname="com.hotels.rajib_maven4617.rajibTest5" time="0">
    <skipped/>
  </testcase>
  <testcase name="completeSearch" classname="com.hotels.rajib_maven4617.rajibTest5" time="0">
    <skipped/>
  </testcase>
  <testcase name="tearDown" classname="com.hotels.rajib_maven4617.rajibTest5" time="0">
    <skipped/>
  </testcase>
  <testcase name="inirtializeDriver" classname="com.hotels.rajib_maven4617.rajibTest6" time="0">
    <skipped/>
  </testcase>
  <testcase name="userAccount" classname="com.hotels.rajib_maven4617.rajibTest6" time="0">
    <skipped/>
  </testcase>
  <testcase name="tearDown" classname="com.hotels.rajib_maven4617.rajibTest6" time="0">
    <skipped/>
  </testcase>
  <testcase name="inirtializeDriver" classname="com.hotels.rajib_maven4617.rajibTest7" time="0">
    <skipped/>
  </testcase>
  <testcase name="googleAccount" classname="com.hotels.rajib_maven4617.rajibTest7" time="0">
    <skipped/>
  </testcase>
  <testcase name="tearDown" classname="com.hotels.rajib_maven4617.rajibTest7" time="0">
    <skipped/>
  </testcase>
  <testcase name="inirtializeDriver" classname="com.hotels.rajib_maven4617.rajibTest8" time="0">
    <skipped/>
  </testcase>
  <testcase name="check" classname="com.hotels.rajib_maven4617.rajibTest8" time="0">
    <skipped/>
  </testcase>
  <testcase name="tearDown" classname="com.hotels.rajib_maven4617.rajibTest8" time="0">
    <skipped/>
  </testcase>
</testsuite>