<?xml version="1.0" encoding="UTF-8"?>
<testng-results skipped="0" failed="0" total="1" passed="1">
  <reporter-output>
  </reporter-output>
  <suite name="Default suite" duration-ms="18239" started-at="2017-04-10T20:49:08Z" finished-at="2017-04-10T20:49:26Z">
    <groups>
    </groups>
    <test name="Default test" duration-ms="18239" started-at="2017-04-10T20:49:08Z" finished-at="2017-04-10T20:49:26Z">
      <class name="com.hotels.rajib_maven4617.rajibTest9">
        <test-method status="PASS" signature="inirtializeDriver()[pri:0, instance:com.hotels.rajib_maven4617.rajibTest9@47c62251]" name="inirtializeDriver" is-config="true" duration-ms="14142" started-at="2017-04-10T16:49:08Z" finished-at="2017-04-10T16:49:22Z">
          <reporter-output>
          </reporter-output>
        </test-method> <!-- inirtializeDriver -->
        <test-method status="PASS" signature="testOnError()[pri:0, instance:com.hotels.rajib_maven4617.rajibTest9@47c62251]" name="testOnError" duration-ms="1311" started-at="2017-04-10T16:49:22Z" finished-at="2017-04-10T16:49:23Z">
          <reporter-output>
          </reporter-output>
        </test-method> <!-- testOnError -->
        <test-method status="PASS" signature="tearDown()[pri:0, instance:com.hotels.rajib_maven4617.rajibTest9@47c62251]" name="tearDown" is-config="true" duration-ms="2768" started-at="2017-04-10T16:49:23Z" finished-at="2017-04-10T16:49:26Z">
          <reporter-output>
          </reporter-output>
        </test-method> <!-- tearDown -->
      </class> <!-- com.hotels.rajib_maven4617.rajibTest9 -->
    </test> <!-- Default test -->
  </suite> <!-- Default suite -->
</testng-results>
